<?xml version="1.0" encoding="UTF-8"?>
<!-- Generated by org.testng.reporters.JUnitXMLReporter -->
<testsuite ignored="0" hostname="GIND04LX6R5G5Q2" failures="0" tests="3" name="LandingTest" time="0.216" errors="0" timestamp="2021-11-06T23:19:02 IST">
  <testcase classname="framework.LandingPageTest" name="@BeforeTest initialization" time="0.081">
    <failure type="java.lang.IllegalStateException" message="The path to the driver executable must be set by the webdriver.chrome.driver system property; for more information, see https://github.com/SeleniumHQ/selenium/wiki/ChromeDriver. The latest version can be downloaded from http://chromedriver.storage.googleapis.com/index.html">
      <![CDATA[java.lang.IllegalStateException: The path to the driver executable must be set by the webdriver.chrome.driver system property; for more information, see https://github.com/SeleniumHQ/selenium/wiki/ChromeDriver. The latest version can be downloaded from http://chromedriver.storage.googleapis.com/index.html
at com.google.common.base.Preconditions.checkState(Preconditions.java:847)
at org.openqa.selenium.remote.service.DriverService.findExecutable(DriverService.java:134)
at org.openqa.selenium.chrome.ChromeDriverService.access$000(ChromeDriverService.java:35)
at org.openqa.selenium.chrome.ChromeDriverService$Builder.findDefaultExecutable(ChromeDriverService.java:159)
at org.openqa.selenium.remote.service.DriverService$Builder.build(DriverService.java:355)
at org.openqa.selenium.chrome.ChromeDriverService.createDefaultService(ChromeDriverService.java:94)
at org.openqa.selenium.chrome.ChromeDriver.<init>(ChromeDriver.java:123)
at resources.base.initializeDriver(base.java:44)
at framework.LandingPageTest.initialization(LandingPageTest.java:23)
at java.base/java.util.concurrent.FutureTask.run(FutureTask.java:264)
at java.base/java.util.concurrent.ThreadPoolExecutor.runWorker(ThreadPoolExecutor.java:1128)
at java.base/java.util.concurrent.ThreadPoolExecutor$Worker.run(ThreadPoolExecutor.java:628)
at java.base/java.lang.Thread.run(Thread.java:834)
... Removed 15 stack frames]]>
    </failure>
  </testcase> <!-- @BeforeTest initialization -->
  <testcase classname="framework.LandingPageTest" name="@AfterTest termination" time="-1.636220942003E9">
    <skipped/>
  </testcase> <!-- @AfterTest termination -->
  <testcase classname="framework.LandingPageTest" name="FailedTestcaseVerification" time="0.0">
    <skipped/>
  </testcase> <!-- FailedTestcaseVerification -->
  <testcase classname="framework.LandingPageTest" name="navigationbarVerification" time="0.0">
    <skipped/>
  </testcase> <!-- navigationbarVerification -->
  <testcase classname="framework.LandingPageTest" name="titleVerification" time="0.0">
    <skipped/>
  </testcase> <!-- titleVerification -->
</testsuite> <!-- LandingTest -->
