<?xml version="1.0" encoding="UTF-8"?>
<!-- Generated by org.testng.reporters.JUnitXMLReporter -->
<testsuite ignored="0" hostname="GIND04LX6R5G5Q2" failures="1" tests="3" name="LandingTest" time="13.881" errors="0" timestamp="2021-11-06T23:32:07 IST">
  <testcase classname="framework.LandingPageTest" name="FailedTestcaseVerification" time="0.072">
    <failure type="java.lang.AssertionError" message="expected [false] but found [true]">
      <![CDATA[java.lang.AssertionError: expected [false] but found [true]
at framework.LandingPageTest.FailedTestcaseVerification(LandingPageTest.java:49)
at java.base/java.util.ArrayList.forEach(ArrayList.java:1541)
at java.base/java.util.concurrent.FutureTask.run(FutureTask.java:264)
at java.base/java.util.concurrent.ThreadPoolExecutor.runWorker(ThreadPoolExecutor.java:1128)
at java.base/java.util.concurrent.ThreadPoolExecutor$Worker.run(ThreadPoolExecutor.java:628)
at java.base/java.lang.Thread.run(Thread.java:834)
... Removed 22 stack frames]]>
    </failure>
  </testcase> <!-- FailedTestcaseVerification -->
  <testcase classname="framework.LandingPageTest" name="navigationbarVerification" time="0.049"/>
  <testcase classname="framework.LandingPageTest" name="titleVerification" time="0.051"/>
</testsuite> <!-- LandingTest -->
