<?xml version="1.0" encoding="UTF-8"?>
<testng-results ignored="0" total="5" passed="4" failed="1" skipped="0">
  <reporter-output>
  </reporter-output>
  <suite started-at="2021-11-06T23:31:53 IST" name="Suite" finished-at="2021-11-06T23:32:24 IST" duration-ms="31691">
    <groups>
    </groups>
    <test started-at="2021-11-06T23:31:53 IST" name="LandingTest" finished-at="2021-11-06T23:32:07 IST" duration-ms="13881">
      <class name="framework.LandingPageTest">
        <test-method is-config="true" signature="initialization()[pri:0, instance:framework.LandingPageTest@790174f2]" started-at="2021-11-06T23:31:53 IST" name="initialization" finished-at="2021-11-06T23:32:06 IST" duration-ms="13235" status="PASS">
          <reporter-output>
          </reporter-output>
        </test-method> <!-- initialization -->
        <test-method signature="FailedTestcaseVerification()[pri:0, instance:framework.LandingPageTest@790174f2]" started-at="2021-11-06T23:32:06 IST" name="FailedTestcaseVerification" finished-at="2021-11-06T23:32:06 IST" duration-ms="72" status="FAIL">
          <exception class="java.lang.AssertionError">
            <message>
              <![CDATA[expected [false] but found [true]]]>
            </message>
            <full-stacktrace>
              <![CDATA[java.lang.AssertionError: expected [false] but found [true]
at org.testng.Assert.fail(Assert.java:99)
at org.testng.Assert.failNotEquals(Assert.java:1037)
at org.testng.Assert.assertFalse(Assert.java:67)
at org.testng.Assert.assertFalse(Assert.java:77)
at framework.LandingPageTest.FailedTestcaseVerification(LandingPageTest.java:49)
at java.base/jdk.internal.reflect.NativeMethodAccessorImpl.invoke0(Native Method)
at java.base/jdk.internal.reflect.NativeMethodAccessorImpl.invoke(NativeMethodAccessorImpl.java:62)
at java.base/jdk.internal.reflect.DelegatingMethodAccessorImpl.invoke(DelegatingMethodAccessorImpl.java:43)
at java.base/java.lang.reflect.Method.invoke(Method.java:566)
at org.testng.internal.MethodInvocationHelper.invokeMethod(MethodInvocationHelper.java:133)
at org.testng.internal.TestInvoker.invokeMethod(TestInvoker.java:598)
at org.testng.internal.TestInvoker.invokeTestMethod(TestInvoker.java:173)
at org.testng.internal.MethodRunner.runInSequence(MethodRunner.java:46)
at org.testng.internal.TestInvoker$MethodInvocationAgent.invoke(TestInvoker.java:824)
at org.testng.internal.TestInvoker.invokeTestMethods(TestInvoker.java:146)
at org.testng.internal.TestMethodWorker.invokeTestMethods(TestMethodWorker.java:146)
at org.testng.internal.TestMethodWorker.run(TestMethodWorker.java:128)
at java.base/java.util.ArrayList.forEach(ArrayList.java:1541)
at org.testng.TestRunner.privateRun(TestRunner.java:794)
at org.testng.TestRunner.run(TestRunner.java:596)
at org.testng.SuiteRunner.runTest(SuiteRunner.java:377)
at org.testng.SuiteRunner.access$000(SuiteRunner.java:28)
at org.testng.SuiteRunner$SuiteWorker.run(SuiteRunner.java:418)
at org.testng.internal.thread.ThreadUtil.lambda$execute$0(ThreadUtil.java:64)
at java.base/java.util.concurrent.FutureTask.run(FutureTask.java:264)
at java.base/java.util.concurrent.ThreadPoolExecutor.runWorker(ThreadPoolExecutor.java:1128)
at java.base/java.util.concurrent.ThreadPoolExecutor$Worker.run(ThreadPoolExecutor.java:628)
at java.base/java.lang.Thread.run(Thread.java:834)
]]>
            </full-stacktrace>
          </exception> <!-- java.lang.AssertionError -->
          <reporter-output>
          </reporter-output>
        </test-method> <!-- FailedTestcaseVerification -->
        <test-method signature="navigationbarVerification()[pri:0, instance:framework.LandingPageTest@790174f2]" started-at="2021-11-06T23:32:06 IST" name="navigationbarVerification" finished-at="2021-11-06T23:32:06 IST" duration-ms="49" status="PASS">
          <reporter-output>
          </reporter-output>
        </test-method> <!-- navigationbarVerification -->
        <test-method signature="titleVerification()[pri:0, instance:framework.LandingPageTest@790174f2]" started-at="2021-11-06T23:32:06 IST" name="titleVerification" finished-at="2021-11-06T23:32:06 IST" duration-ms="51" status="PASS">
          <reporter-output>
          </reporter-output>
        </test-method> <!-- titleVerification -->
        <test-method is-config="true" signature="termination()[pri:0, instance:framework.LandingPageTest@790174f2]" started-at="2021-11-06T23:32:06 IST" name="termination" finished-at="2021-11-06T23:32:07 IST" duration-ms="75" status="PASS">
          <reporter-output>
          </reporter-output>
        </test-method> <!-- termination -->
      </class> <!-- framework.LandingPageTest -->
    </test> <!-- LandingTest -->
    <test started-at="2021-11-06T23:31:53 IST" name="HomepageTest" finished-at="2021-11-06T23:32:24 IST" duration-ms="31691">
      <class name="framework.HomePage">
        <test-method is-config="true" signature="initialization()[pri:0, instance:framework.HomePage@780ec4a5]" started-at="2021-11-06T23:31:53 IST" name="initialization" finished-at="2021-11-06T23:31:56 IST" duration-ms="3308" status="PASS">
          <reporter-output>
          </reporter-output>
        </test-method> <!-- initialization -->
        <test-method signature="HomePageNavigation(java.lang.String,java.lang.String)[pri:0, instance:framework.HomePage@780ec4a5]" started-at="2021-11-06T23:31:56 IST" name="HomePageNavigation" data-provider="getdata" finished-at="2021-11-06T23:32:20 IST" duration-ms="23748" status="PASS">
          <params>
            <param index="0">
              <value>
                <![CDATA[restricted user]]>
              </value>
            </param>
            <param index="1">
              <value>
                <![CDATA[Password123]]>
              </value>
            </param>
          </params>
          <reporter-output>
          </reporter-output>
        </test-method> <!-- HomePageNavigation -->
        <test-method signature="HomePageNavigation(java.lang.String,java.lang.String)[pri:0, instance:framework.HomePage@780ec4a5]" started-at="2021-11-06T23:32:20 IST" name="HomePageNavigation" data-provider="getdata" finished-at="2021-11-06T23:32:24 IST" duration-ms="4513" status="PASS">
          <params>
            <param index="0">
              <value>
                <![CDATA[Permanent user]]>
              </value>
            </param>
            <param index="1">
              <value>
                <![CDATA[Password12345]]>
              </value>
            </param>
          </params>
          <reporter-output>
          </reporter-output>
        </test-method> <!-- HomePageNavigation -->
        <test-method is-config="true" signature="termination()[pri:0, instance:framework.HomePage@780ec4a5]" started-at="2021-11-06T23:32:24 IST" name="termination" finished-at="2021-11-06T23:32:24 IST" duration-ms="60" status="PASS">
          <reporter-output>
          </reporter-output>
        </test-method> <!-- termination -->
      </class> <!-- framework.HomePage -->
    </test> <!-- HomepageTest -->
  </suite> <!-- Suite -->
</testng-results>
